<?xml version="1.0" encoding="UTF-8"?>
<!-- Generated by org.testng.reporters.JUnitXMLReporter -->
<testsuite ignored="0" hostname="LTIN690699" failures="0" tests="8" name="ProfileTests" time="26.139" errors="0" timestamp="2026-03-19T10:17:28 IST">
  <testcase classname="com.profile.tests.ProfileTest" name="testInvalidYears" time="0.781"/>
  <testcase classname="com.profile.tests.ProfileTest" name="testNonNumericWebsites" time="0.568"/>
  <testcase classname="com.profile.tests.ProfileTest" name="testProfileStatus_Four" time="1.672"/>
  <testcase classname="com.profile.tests.ProfileTest" name="testProfileStatus_Four" time="0.797"/>
  <testcase classname="com.profile.tests.ProfileTest" name="testProfileStatus_Four" time="0.772"/>
  <testcase classname="com.profile.tests.ProfileTest" name="testProfileStatus_Four" time="1.155"/>
  <testcase classname="com.profile.tests.ProfileTest" name="testZeroApps" time="0.923"/>
  <testcase classname="com.profile.tests.ProfileTest" name="testZeroWebsites" time="2.227"/>
</testsuite> <!-- ProfileTests -->
