<?xml version="1.0" encoding="UTF-8"?>
<!-- Generated by org.testng.reporters.JUnitXMLReporter -->
<testsuite ignored="0" hostname="LTIN690699" failures="0" tests="8" name="ProfileTests" time="25.756" errors="0" timestamp="2026-03-18T15:24:17 IST">
  <testcase classname="com.profile.tests.ProfileTest" name="testInvalidYears" time="1.031"/>
  <testcase classname="com.profile.tests.ProfileTest" name="testNonNumericWebsites" time="0.724"/>
  <testcase classname="com.profile.tests.ProfileTest" name="testProfileStatus_Four" time="2.237"/>
  <testcase classname="com.profile.tests.ProfileTest" name="testProfileStatus_Four" time="1.103"/>
  <testcase classname="com.profile.tests.ProfileTest" name="testProfileStatus_Four" time="1.993"/>
  <testcase classname="com.profile.tests.ProfileTest" name="testProfileStatus_Four" time="1.489"/>
  <testcase classname="com.profile.tests.ProfileTest" name="testZeroApps" time="1.013"/>
  <testcase classname="com.profile.tests.ProfileTest" name="testZeroWebsites" time="0.98"/>
</testsuite> <!-- ProfileTests -->
