<?xml version="1.0" encoding="UTF-8"?>
<testng-results ignored="0" total="8" passed="8" failed="0" skipped="0">
  <reporter-output>
  </reporter-output>
  <suite started-at="2026-03-18T15:23:51 IST" name="Suite" finished-at="2026-03-18T15:24:17 IST" duration-ms="25756">
    <groups>
    </groups>
    <test started-at="2026-03-18T15:23:51 IST" name="ProfileTests" finished-at="2026-03-18T15:24:17 IST" duration-ms="25756">
      <class name="com.profile.tests.ProfileTest">
        <test-method is-config="true" signature="setUp(java.lang.String)[pri:0, instance:com.profile.tests.ProfileTest@4c12331b]" started-at="2026-03-18T15:23:51 IST" name="setUp" finished-at="2026-03-18T15:23:56 IST" duration-ms="4327" status="PASS">
          <params>
            <param index="0">
              <value>
                <![CDATA[]]>
              </value>
            </param>
          </params>
          <reporter-output>
          </reporter-output>
        </test-method> <!-- setUp -->
        <test-method is-config="true" signature="goHome()[pri:0, instance:com.profile.tests.ProfileTest@4c12331b]" started-at="2026-03-18T15:23:56 IST" name="goHome" finished-at="2026-03-18T15:23:56 IST" duration-ms="126" status="PASS">
          <reporter-output>
          </reporter-output>
        </test-method> <!-- goHome -->
        <test-method signature="testInvalidYears()[pri:0, instance:com.profile.tests.ProfileTest@4c12331b]" started-at="2026-03-18T15:23:56 IST" name="testInvalidYears" finished-at="2026-03-18T15:23:57 IST" duration-ms="1031" status="PASS">
          <reporter-output>
          </reporter-output>
        </test-method> <!-- testInvalidYears -->
        <test-method is-config="true" signature="takeScreenshot(org.testng.ITestResult)[pri:0, instance:com.profile.tests.ProfileTest@4c12331b]" started-at="2026-03-18T15:23:57 IST" name="takeScreenshot" finished-at="2026-03-18T15:23:57 IST" duration-ms="464" status="PASS">
          <params>
            <param index="0">
              <value>
                <![CDATA[[TestResult name=testInvalidYears status=SUCCESS method=ProfileTest.testInvalidYears()[pri:0, instance:com.profile.tests.ProfileTest@4c12331b] output={null}]]]>
              </value>
            </param>
          </params>
          <reporter-output>
          </reporter-output>
        </test-method> <!-- takeScreenshot -->
        <test-method is-config="true" signature="goHome()[pri:0, instance:com.profile.tests.ProfileTest@4c12331b]" started-at="2026-03-18T15:23:57 IST" name="goHome" finished-at="2026-03-18T15:23:57 IST" duration-ms="139" status="PASS">
          <reporter-output>
          </reporter-output>
        </test-method> <!-- goHome -->
        <test-method signature="testNonNumericWebsites()[pri:0, instance:com.profile.tests.ProfileTest@4c12331b]" started-at="2026-03-18T15:23:57 IST" name="testNonNumericWebsites" finished-at="2026-03-18T15:23:58 IST" duration-ms="724" status="PASS">
          <reporter-output>
          </reporter-output>
        </test-method> <!-- testNonNumericWebsites -->
        <test-method is-config="true" signature="takeScreenshot(org.testng.ITestResult)[pri:0, instance:com.profile.tests.ProfileTest@4c12331b]" started-at="2026-03-18T15:23:58 IST" name="takeScreenshot" finished-at="2026-03-18T15:23:59 IST" duration-ms="415" status="PASS">
          <params>
            <param index="0">
              <value>
                <![CDATA[[TestResult name=testNonNumericWebsites status=SUCCESS method=ProfileTest.testNonNumericWebsites()[pri:0, instance:com.profile.tests.ProfileTest@4c12331b] output={null}]]]>
              </value>
            </param>
          </params>
          <reporter-output>
          </reporter-output>
        </test-method> <!-- takeScreenshot -->
        <test-method is-config="true" signature="goHome()[pri:0, instance:com.profile.tests.ProfileTest@4c12331b]" started-at="2026-03-18T15:24:00 IST" name="goHome" finished-at="2026-03-18T15:24:01 IST" duration-ms="128" status="PASS">
          <reporter-output>
          </reporter-output>
        </test-method> <!-- goHome -->
        <test-method signature="testProfileStatus_Four(java.lang.String,int,int,java.lang.String,java.lang.String)[pri:0, instance:com.profile.tests.ProfileTest@4c12331b]" started-at="2026-03-18T15:24:01 IST" name="testProfileStatus_Four" data-provider="fourUsers" finished-at="2026-03-18T15:24:03 IST" duration-ms="2237" status="PASS">
          <params>
            <param index="0">
              <value>
                <![CDATA[3 Years]]>
              </value>
            </param>
            <param index="1">
              <value>
                <![CDATA[5]]>
              </value>
            </param>
            <param index="2">
              <value>
                <![CDATA[2]]>
              </value>
            </param>
            <param index="3">
              <value>
                <![CDATA[Growing]]>
              </value>
            </param>
            <param index="4">
              <value>
                <![CDATA[Web Developer]]>
              </value>
            </param>
          </params>
          <reporter-output>
          </reporter-output>
        </test-method> <!-- testProfileStatus_Four -->
        <test-method is-config="true" signature="takeScreenshot(org.testng.ITestResult)[pri:0, instance:com.profile.tests.ProfileTest@4c12331b]" started-at="2026-03-18T15:24:03 IST" name="takeScreenshot" finished-at="2026-03-18T15:24:04 IST" duration-ms="1084" status="PASS">
          <params>
            <param index="0">
              <value>
                <![CDATA[[TestResult name=testProfileStatus_Four status=SUCCESS method=ProfileTest.testProfileStatus_Four(java.lang.String,int,int,java.lang.String,java.lang.String)[pri:0, instance:com.profile.tests.ProfileTest@4c12331b] output={null}]]]>
              </value>
            </param>
          </params>
          <reporter-output>
          </reporter-output>
        </test-method> <!-- takeScreenshot -->
        <test-method is-config="true" signature="goHome()[pri:0, instance:com.profile.tests.ProfileTest@4c12331b]" started-at="2026-03-18T15:24:04 IST" name="goHome" finished-at="2026-03-18T15:24:04 IST" duration-ms="140" status="PASS">
          <reporter-output>
          </reporter-output>
        </test-method> <!-- goHome -->
        <test-method signature="testProfileStatus_Four(java.lang.String,int,int,java.lang.String,java.lang.String)[pri:0, instance:com.profile.tests.ProfileTest@4c12331b]" started-at="2026-03-18T15:24:04 IST" name="testProfileStatus_Four" data-provider="fourUsers" finished-at="2026-03-18T15:24:05 IST" duration-ms="1103" status="PASS">
          <params>
            <param index="0">
              <value>
                <![CDATA[4 Years]]>
              </value>
            </param>
            <param index="1">
              <value>
                <![CDATA[15]]>
              </value>
            </param>
            <param index="2">
              <value>
                <![CDATA[10]]>
              </value>
            </param>
            <param index="3">
              <value>
                <![CDATA[Advanced]]>
              </value>
            </param>
            <param index="4">
              <value>
                <![CDATA[Veteran Web Developer]]>
              </value>
            </param>
          </params>
          <reporter-output>
          </reporter-output>
        </test-method> <!-- testProfileStatus_Four -->
        <test-method is-config="true" signature="takeScreenshot(org.testng.ITestResult)[pri:0, instance:com.profile.tests.ProfileTest@4c12331b]" started-at="2026-03-18T15:24:05 IST" name="takeScreenshot" finished-at="2026-03-18T15:24:06 IST" duration-ms="729" status="PASS">
          <params>
            <param index="0">
              <value>
                <![CDATA[[TestResult name=testProfileStatus_Four status=SUCCESS method=ProfileTest.testProfileStatus_Four(java.lang.String,int,int,java.lang.String,java.lang.String)[pri:0, instance:com.profile.tests.ProfileTest@4c12331b] output={null}]]]>
              </value>
            </param>
          </params>
          <reporter-output>
          </reporter-output>
        </test-method> <!-- takeScreenshot -->
        <test-method is-config="true" signature="goHome()[pri:0, instance:com.profile.tests.ProfileTest@4c12331b]" started-at="2026-03-18T15:24:06 IST" name="goHome" finished-at="2026-03-18T15:24:06 IST" duration-ms="130" status="PASS">
          <reporter-output>
          </reporter-output>
        </test-method> <!-- goHome -->
        <test-method signature="testProfileStatus_Four(java.lang.String,int,int,java.lang.String,java.lang.String)[pri:0, instance:com.profile.tests.ProfileTest@4c12331b]" started-at="2026-03-18T15:24:06 IST" name="testProfileStatus_Four" data-provider="fourUsers" finished-at="2026-03-18T15:24:08 IST" duration-ms="1993" status="PASS">
          <params>
            <param index="0">
              <value>
                <![CDATA[3 Years]]>
              </value>
            </param>
            <param index="1">
              <value>
                <![CDATA[5]]>
              </value>
            </param>
            <param index="2">
              <value>
                <![CDATA[5]]>
              </value>
            </param>
            <param index="3">
              <value>
                <![CDATA[Proficient]]>
              </value>
            </param>
            <param index="4">
              <value>
                <![CDATA[Full-Stack Builder]]>
              </value>
            </param>
          </params>
          <reporter-output>
          </reporter-output>
        </test-method> <!-- testProfileStatus_Four -->
        <test-method is-config="true" signature="takeScreenshot(org.testng.ITestResult)[pri:0, instance:com.profile.tests.ProfileTest@4c12331b]" started-at="2026-03-18T15:24:08 IST" name="takeScreenshot" finished-at="2026-03-18T15:24:09 IST" duration-ms="581" status="PASS">
          <params>
            <param index="0">
              <value>
                <![CDATA[[TestResult name=testProfileStatus_Four status=SUCCESS method=ProfileTest.testProfileStatus_Four(java.lang.String,int,int,java.lang.String,java.lang.String)[pri:0, instance:com.profile.tests.ProfileTest@4c12331b] output={null}]]]>
              </value>
            </param>
          </params>
          <reporter-output>
          </reporter-output>
        </test-method> <!-- takeScreenshot -->
        <test-method is-config="true" signature="goHome()[pri:0, instance:com.profile.tests.ProfileTest@4c12331b]" started-at="2026-03-18T15:24:09 IST" name="goHome" finished-at="2026-03-18T15:24:09 IST" duration-ms="127" status="PASS">
          <reporter-output>
          </reporter-output>
        </test-method> <!-- goHome -->
        <test-method signature="testProfileStatus_Four(java.lang.String,int,int,java.lang.String,java.lang.String)[pri:0, instance:com.profile.tests.ProfileTest@4c12331b]" started-at="2026-03-18T15:24:09 IST" name="testProfileStatus_Four" data-provider="fourUsers" finished-at="2026-03-18T15:24:10 IST" duration-ms="1489" status="PASS">
          <params>
            <param index="0">
              <value>
                <![CDATA[5+ Years]]>
              </value>
            </param>
            <param index="1">
              <value>
                <![CDATA[30]]>
              </value>
            </param>
            <param index="2">
              <value>
                <![CDATA[20]]>
              </value>
            </param>
            <param index="3">
              <value>
                <![CDATA[Expert]]>
              </value>
            </param>
            <param index="4">
              <value>
                <![CDATA[Veteran Full-Stack Builder]]>
              </value>
            </param>
          </params>
          <reporter-output>
          </reporter-output>
        </test-method> <!-- testProfileStatus_Four -->
        <test-method is-config="true" signature="takeScreenshot(org.testng.ITestResult)[pri:0, instance:com.profile.tests.ProfileTest@4c12331b]" started-at="2026-03-18T15:24:10 IST" name="takeScreenshot" finished-at="2026-03-18T15:24:11 IST" duration-ms="552" status="PASS">
          <params>
            <param index="0">
              <value>
                <![CDATA[[TestResult name=testProfileStatus_Four status=SUCCESS method=ProfileTest.testProfileStatus_Four(java.lang.String,int,int,java.lang.String,java.lang.String)[pri:0, instance:com.profile.tests.ProfileTest@4c12331b] output={null}]]]>
              </value>
            </param>
          </params>
          <reporter-output>
          </reporter-output>
        </test-method> <!-- takeScreenshot -->
        <test-method is-config="true" signature="goHome()[pri:0, instance:com.profile.tests.ProfileTest@4c12331b]" started-at="2026-03-18T15:24:11 IST" name="goHome" finished-at="2026-03-18T15:24:11 IST" duration-ms="141" status="PASS">
          <reporter-output>
          </reporter-output>
        </test-method> <!-- goHome -->
        <test-method signature="testZeroApps()[pri:0, instance:com.profile.tests.ProfileTest@4c12331b]" started-at="2026-03-18T15:24:11 IST" name="testZeroApps" finished-at="2026-03-18T15:24:12 IST" duration-ms="1013" status="PASS">
          <reporter-output>
          </reporter-output>
        </test-method> <!-- testZeroApps -->
        <test-method is-config="true" signature="takeScreenshot(org.testng.ITestResult)[pri:0, instance:com.profile.tests.ProfileTest@4c12331b]" started-at="2026-03-18T15:24:12 IST" name="takeScreenshot" finished-at="2026-03-18T15:24:12 IST" duration-ms="525" status="PASS">
          <params>
            <param index="0">
              <value>
                <![CDATA[[TestResult name=testZeroApps status=SUCCESS method=ProfileTest.testZeroApps()[pri:0, instance:com.profile.tests.ProfileTest@4c12331b] output={null}]]]>
              </value>
            </param>
          </params>
          <reporter-output>
          </reporter-output>
        </test-method> <!-- takeScreenshot -->
        <test-method is-config="true" signature="goHome()[pri:0, instance:com.profile.tests.ProfileTest@4c12331b]" started-at="2026-03-18T15:24:12 IST" name="goHome" finished-at="2026-03-18T15:24:13 IST" duration-ms="137" status="PASS">
          <reporter-output>
          </reporter-output>
        </test-method> <!-- goHome -->
        <test-method signature="testZeroWebsites()[pri:0, instance:com.profile.tests.ProfileTest@4c12331b]" started-at="2026-03-18T15:24:13 IST" name="testZeroWebsites" finished-at="2026-03-18T15:24:14 IST" duration-ms="980" status="PASS">
          <reporter-output>
          </reporter-output>
        </test-method> <!-- testZeroWebsites -->
        <test-method is-config="true" signature="takeScreenshot(org.testng.ITestResult)[pri:0, instance:com.profile.tests.ProfileTest@4c12331b]" started-at="2026-03-18T15:24:14 IST" name="takeScreenshot" finished-at="2026-03-18T15:24:14 IST" duration-ms="538" status="PASS">
          <params>
            <param index="0">
              <value>
                <![CDATA[[TestResult name=testZeroWebsites status=SUCCESS method=ProfileTest.testZeroWebsites()[pri:0, instance:com.profile.tests.ProfileTest@4c12331b] output={null}]]]>
              </value>
            </param>
          </params>
          <reporter-output>
          </reporter-output>
        </test-method> <!-- takeScreenshot -->
        <test-method is-config="true" signature="tearDown()[pri:0, instance:com.profile.tests.ProfileTest@4c12331b]" started-at="2026-03-18T15:24:14 IST" name="tearDown" finished-at="2026-03-18T15:24:17 IST" duration-ms="2864" status="PASS">
          <reporter-output>
          </reporter-output>
        </test-method> <!-- tearDown -->
      </class> <!-- com.profile.tests.ProfileTest -->
    </test> <!-- ProfileTests -->
  </suite> <!-- Suite -->
</testng-results>
