<?xml version="1.0" encoding="UTF-8"?>
<testng-results ignored="0" total="8" passed="8" failed="0" skipped="0">
  <reporter-output>
  </reporter-output>
  <suite started-at="2026-03-19T10:17:02 IST" name="Suite" finished-at="2026-03-19T10:17:28 IST" duration-ms="26139">
    <groups>
    </groups>
    <test started-at="2026-03-19T10:17:02 IST" name="ProfileTests" finished-at="2026-03-19T10:17:28 IST" duration-ms="26139">
      <class name="com.profile.tests.ProfileTest">
        <test-method is-config="true" signature="setUp(java.lang.String)[pri:0, instance:com.profile.tests.ProfileTest@4c12331b]" started-at="2026-03-19T10:17:02 IST" name="setUp" finished-at="2026-03-19T10:17:09 IST" duration-ms="7198" status="PASS">
          <params>
            <param index="0">
              <value>
                <![CDATA[]]>
              </value>
            </param>
          </params>
          <reporter-output>
          </reporter-output>
        </test-method> <!-- setUp -->
        <test-method is-config="true" signature="goHome()[pri:0, instance:com.profile.tests.ProfileTest@4c12331b]" started-at="2026-03-19T10:17:09 IST" name="goHome" finished-at="2026-03-19T10:17:09 IST" duration-ms="347" status="PASS">
          <reporter-output>
          </reporter-output>
        </test-method> <!-- goHome -->
        <test-method signature="testInvalidYears()[pri:0, instance:com.profile.tests.ProfileTest@4c12331b]" started-at="2026-03-19T10:17:09 IST" name="testInvalidYears" finished-at="2026-03-19T10:17:10 IST" duration-ms="781" status="PASS">
          <reporter-output>
          </reporter-output>
        </test-method> <!-- testInvalidYears -->
        <test-method is-config="true" signature="takeScreenshot(org.testng.ITestResult)[pri:0, instance:com.profile.tests.ProfileTest@4c12331b]" started-at="2026-03-19T10:17:10 IST" name="takeScreenshot" finished-at="2026-03-19T10:17:10 IST" duration-ms="417" status="PASS">
          <params>
            <param index="0">
              <value>
                <![CDATA[[TestResult name=testInvalidYears status=SUCCESS method=ProfileTest.testInvalidYears()[pri:0, instance:com.profile.tests.ProfileTest@4c12331b] output={null}]]]>
              </value>
            </param>
          </params>
          <reporter-output>
          </reporter-output>
        </test-method> <!-- takeScreenshot -->
        <test-method is-config="true" signature="goHome()[pri:0, instance:com.profile.tests.ProfileTest@4c12331b]" started-at="2026-03-19T10:17:10 IST" name="goHome" finished-at="2026-03-19T10:17:11 IST" duration-ms="115" status="PASS">
          <reporter-output>
          </reporter-output>
        </test-method> <!-- goHome -->
        <test-method signature="testNonNumericWebsites()[pri:0, instance:com.profile.tests.ProfileTest@4c12331b]" started-at="2026-03-19T10:17:11 IST" name="testNonNumericWebsites" finished-at="2026-03-19T10:17:11 IST" duration-ms="568" status="PASS">
          <reporter-output>
          </reporter-output>
        </test-method> <!-- testNonNumericWebsites -->
        <test-method is-config="true" signature="takeScreenshot(org.testng.ITestResult)[pri:0, instance:com.profile.tests.ProfileTest@4c12331b]" started-at="2026-03-19T10:17:11 IST" name="takeScreenshot" finished-at="2026-03-19T10:17:11 IST" duration-ms="313" status="PASS">
          <params>
            <param index="0">
              <value>
                <![CDATA[[TestResult name=testNonNumericWebsites status=SUCCESS method=ProfileTest.testNonNumericWebsites()[pri:0, instance:com.profile.tests.ProfileTest@4c12331b] output={null}]]]>
              </value>
            </param>
          </params>
          <reporter-output>
          </reporter-output>
        </test-method> <!-- takeScreenshot -->
        <test-method is-config="true" signature="goHome()[pri:0, instance:com.profile.tests.ProfileTest@4c12331b]" started-at="2026-03-19T10:17:13 IST" name="goHome" finished-at="2026-03-19T10:17:13 IST" duration-ms="122" status="PASS">
          <reporter-output>
          </reporter-output>
        </test-method> <!-- goHome -->
        <test-method signature="testProfileStatus_Four(java.lang.String,int,int,java.lang.String,java.lang.String)[pri:0, instance:com.profile.tests.ProfileTest@4c12331b]" started-at="2026-03-19T10:17:13 IST" name="testProfileStatus_Four" data-provider="fourUsers" finished-at="2026-03-19T10:17:15 IST" duration-ms="1672" status="PASS">
          <params>
            <param index="0">
              <value>
                <![CDATA[3 Years]]>
              </value>
            </param>
            <param index="1">
              <value>
                <![CDATA[5]]>
              </value>
            </param>
            <param index="2">
              <value>
                <![CDATA[2]]>
              </value>
            </param>
            <param index="3">
              <value>
                <![CDATA[Growing]]>
              </value>
            </param>
            <param index="4">
              <value>
                <![CDATA[Web Developer]]>
              </value>
            </param>
          </params>
          <reporter-output>
          </reporter-output>
        </test-method> <!-- testProfileStatus_Four -->
        <test-method is-config="true" signature="takeScreenshot(org.testng.ITestResult)[pri:0, instance:com.profile.tests.ProfileTest@4c12331b]" started-at="2026-03-19T10:17:15 IST" name="takeScreenshot" finished-at="2026-03-19T10:17:16 IST" duration-ms="912" status="PASS">
          <params>
            <param index="0">
              <value>
                <![CDATA[[TestResult name=testProfileStatus_Four status=SUCCESS method=ProfileTest.testProfileStatus_Four(java.lang.String,int,int,java.lang.String,java.lang.String)[pri:0, instance:com.profile.tests.ProfileTest@4c12331b] output={null}]]]>
              </value>
            </param>
          </params>
          <reporter-output>
          </reporter-output>
        </test-method> <!-- takeScreenshot -->
        <test-method is-config="true" signature="goHome()[pri:0, instance:com.profile.tests.ProfileTest@4c12331b]" started-at="2026-03-19T10:17:16 IST" name="goHome" finished-at="2026-03-19T10:17:16 IST" duration-ms="120" status="PASS">
          <reporter-output>
          </reporter-output>
        </test-method> <!-- goHome -->
        <test-method signature="testProfileStatus_Four(java.lang.String,int,int,java.lang.String,java.lang.String)[pri:0, instance:com.profile.tests.ProfileTest@4c12331b]" started-at="2026-03-19T10:17:16 IST" name="testProfileStatus_Four" data-provider="fourUsers" finished-at="2026-03-19T10:17:17 IST" duration-ms="797" status="PASS">
          <params>
            <param index="0">
              <value>
                <![CDATA[4 Years]]>
              </value>
            </param>
            <param index="1">
              <value>
                <![CDATA[15]]>
              </value>
            </param>
            <param index="2">
              <value>
                <![CDATA[10]]>
              </value>
            </param>
            <param index="3">
              <value>
                <![CDATA[Advanced]]>
              </value>
            </param>
            <param index="4">
              <value>
                <![CDATA[Veteran Web Developer]]>
              </value>
            </param>
          </params>
          <reporter-output>
          </reporter-output>
        </test-method> <!-- testProfileStatus_Four -->
        <test-method is-config="true" signature="takeScreenshot(org.testng.ITestResult)[pri:0, instance:com.profile.tests.ProfileTest@4c12331b]" started-at="2026-03-19T10:17:17 IST" name="takeScreenshot" finished-at="2026-03-19T10:17:17 IST" duration-ms="443" status="PASS">
          <params>
            <param index="0">
              <value>
                <![CDATA[[TestResult name=testProfileStatus_Four status=SUCCESS method=ProfileTest.testProfileStatus_Four(java.lang.String,int,int,java.lang.String,java.lang.String)[pri:0, instance:com.profile.tests.ProfileTest@4c12331b] output={null}]]]>
              </value>
            </param>
          </params>
          <reporter-output>
          </reporter-output>
        </test-method> <!-- takeScreenshot -->
        <test-method is-config="true" signature="goHome()[pri:0, instance:com.profile.tests.ProfileTest@4c12331b]" started-at="2026-03-19T10:17:17 IST" name="goHome" finished-at="2026-03-19T10:17:18 IST" duration-ms="119" status="PASS">
          <reporter-output>
          </reporter-output>
        </test-method> <!-- goHome -->
        <test-method signature="testProfileStatus_Four(java.lang.String,int,int,java.lang.String,java.lang.String)[pri:0, instance:com.profile.tests.ProfileTest@4c12331b]" started-at="2026-03-19T10:17:18 IST" name="testProfileStatus_Four" data-provider="fourUsers" finished-at="2026-03-19T10:17:18 IST" duration-ms="772" status="PASS">
          <params>
            <param index="0">
              <value>
                <![CDATA[3 Years]]>
              </value>
            </param>
            <param index="1">
              <value>
                <![CDATA[5]]>
              </value>
            </param>
            <param index="2">
              <value>
                <![CDATA[5]]>
              </value>
            </param>
            <param index="3">
              <value>
                <![CDATA[Proficient]]>
              </value>
            </param>
            <param index="4">
              <value>
                <![CDATA[Full-Stack Builder]]>
              </value>
            </param>
          </params>
          <reporter-output>
          </reporter-output>
        </test-method> <!-- testProfileStatus_Four -->
        <test-method is-config="true" signature="takeScreenshot(org.testng.ITestResult)[pri:0, instance:com.profile.tests.ProfileTest@4c12331b]" started-at="2026-03-19T10:17:18 IST" name="takeScreenshot" finished-at="2026-03-19T10:17:19 IST" duration-ms="437" status="PASS">
          <params>
            <param index="0">
              <value>
                <![CDATA[[TestResult name=testProfileStatus_Four status=SUCCESS method=ProfileTest.testProfileStatus_Four(java.lang.String,int,int,java.lang.String,java.lang.String)[pri:0, instance:com.profile.tests.ProfileTest@4c12331b] output={null}]]]>
              </value>
            </param>
          </params>
          <reporter-output>
          </reporter-output>
        </test-method> <!-- takeScreenshot -->
        <test-method is-config="true" signature="goHome()[pri:0, instance:com.profile.tests.ProfileTest@4c12331b]" started-at="2026-03-19T10:17:19 IST" name="goHome" finished-at="2026-03-19T10:17:19 IST" duration-ms="109" status="PASS">
          <reporter-output>
          </reporter-output>
        </test-method> <!-- goHome -->
        <test-method signature="testProfileStatus_Four(java.lang.String,int,int,java.lang.String,java.lang.String)[pri:0, instance:com.profile.tests.ProfileTest@4c12331b]" started-at="2026-03-19T10:17:19 IST" name="testProfileStatus_Four" data-provider="fourUsers" finished-at="2026-03-19T10:17:20 IST" duration-ms="1155" status="PASS">
          <params>
            <param index="0">
              <value>
                <![CDATA[5+ Years]]>
              </value>
            </param>
            <param index="1">
              <value>
                <![CDATA[30]]>
              </value>
            </param>
            <param index="2">
              <value>
                <![CDATA[20]]>
              </value>
            </param>
            <param index="3">
              <value>
                <![CDATA[Expert]]>
              </value>
            </param>
            <param index="4">
              <value>
                <![CDATA[Veteran Full-Stack Builder]]>
              </value>
            </param>
          </params>
          <reporter-output>
          </reporter-output>
        </test-method> <!-- testProfileStatus_Four -->
        <test-method is-config="true" signature="takeScreenshot(org.testng.ITestResult)[pri:0, instance:com.profile.tests.ProfileTest@4c12331b]" started-at="2026-03-19T10:17:20 IST" name="takeScreenshot" finished-at="2026-03-19T10:17:21 IST" duration-ms="593" status="PASS">
          <params>
            <param index="0">
              <value>
                <![CDATA[[TestResult name=testProfileStatus_Four status=SUCCESS method=ProfileTest.testProfileStatus_Four(java.lang.String,int,int,java.lang.String,java.lang.String)[pri:0, instance:com.profile.tests.ProfileTest@4c12331b] output={null}]]]>
              </value>
            </param>
          </params>
          <reporter-output>
          </reporter-output>
        </test-method> <!-- takeScreenshot -->
        <test-method is-config="true" signature="goHome()[pri:0, instance:com.profile.tests.ProfileTest@4c12331b]" started-at="2026-03-19T10:17:21 IST" name="goHome" finished-at="2026-03-19T10:17:21 IST" duration-ms="139" status="PASS">
          <reporter-output>
          </reporter-output>
        </test-method> <!-- goHome -->
        <test-method signature="testZeroApps()[pri:0, instance:com.profile.tests.ProfileTest@4c12331b]" started-at="2026-03-19T10:17:21 IST" name="testZeroApps" finished-at="2026-03-19T10:17:22 IST" duration-ms="923" status="PASS">
          <reporter-output>
          </reporter-output>
        </test-method> <!-- testZeroApps -->
        <test-method is-config="true" signature="takeScreenshot(org.testng.ITestResult)[pri:0, instance:com.profile.tests.ProfileTest@4c12331b]" started-at="2026-03-19T10:17:22 IST" name="takeScreenshot" finished-at="2026-03-19T10:17:22 IST" duration-ms="571" status="PASS">
          <params>
            <param index="0">
              <value>
                <![CDATA[[TestResult name=testZeroApps status=SUCCESS method=ProfileTest.testZeroApps()[pri:0, instance:com.profile.tests.ProfileTest@4c12331b] output={null}]]]>
              </value>
            </param>
          </params>
          <reporter-output>
          </reporter-output>
        </test-method> <!-- takeScreenshot -->
        <test-method is-config="true" signature="goHome()[pri:0, instance:com.profile.tests.ProfileTest@4c12331b]" started-at="2026-03-19T10:17:22 IST" name="goHome" finished-at="2026-03-19T10:17:22 IST" duration-ms="132" status="PASS">
          <reporter-output>
          </reporter-output>
        </test-method> <!-- goHome -->
        <test-method signature="testZeroWebsites()[pri:0, instance:com.profile.tests.ProfileTest@4c12331b]" started-at="2026-03-19T10:17:22 IST" name="testZeroWebsites" finished-at="2026-03-19T10:17:25 IST" duration-ms="2227" status="PASS">
          <reporter-output>
          </reporter-output>
        </test-method> <!-- testZeroWebsites -->
        <test-method is-config="true" signature="takeScreenshot(org.testng.ITestResult)[pri:0, instance:com.profile.tests.ProfileTest@4c12331b]" started-at="2026-03-19T10:17:25 IST" name="takeScreenshot" finished-at="2026-03-19T10:17:25 IST" duration-ms="671" status="PASS">
          <params>
            <param index="0">
              <value>
                <![CDATA[[TestResult name=testZeroWebsites status=SUCCESS method=ProfileTest.testZeroWebsites()[pri:0, instance:com.profile.tests.ProfileTest@4c12331b] output={null}]]]>
              </value>
            </param>
          </params>
          <reporter-output>
          </reporter-output>
        </test-method> <!-- takeScreenshot -->
        <test-method is-config="true" signature="tearDown()[pri:0, instance:com.profile.tests.ProfileTest@4c12331b]" started-at="2026-03-19T10:17:25 IST" name="tearDown" finished-at="2026-03-19T10:17:28 IST" duration-ms="2584" status="PASS">
          <reporter-output>
          </reporter-output>
        </test-method> <!-- tearDown -->
      </class> <!-- com.profile.tests.ProfileTest -->
    </test> <!-- ProfileTests -->
  </suite> <!-- Suite -->
</testng-results>
