<?xml version="1.0" encoding="UTF-8"?>
<!-- Generated by org.testng.reporters.JUnitReportReporter -->
<testsuite hostname="LTIN690699" failures="0" tests="8" name="com.profile.tests.ProfileTest" time="16.526" errors="0" timestamp="2026-03-18T15:24:17 IST" skipped="0">
  <testcase classname="com.profile.tests.ProfileTest" name="testInvalidYears" time="1.693"/>
  <testcase classname="com.profile.tests.ProfileTest" name="testProfileStatus_Four" time="2.547"/>
  <testcase classname="com.profile.tests.ProfileTest" name="testZeroApps" time="2.237"/>
  <testcase classname="com.profile.tests.ProfileTest" name="testZeroWebsites" time="1.687"/>
  <testcase classname="com.profile.tests.ProfileTest" name="testProfileStatus_Four" time="2.154"/>
  <testcase classname="com.profile.tests.ProfileTest" name="testProfileStatus_Four" time="2.842"/>
  <testcase classname="com.profile.tests.ProfileTest" name="testProfileStatus_Four" time="1.962"/>
  <testcase classname="com.profile.tests.ProfileTest" name="testNonNumericWebsites" time="1.404"/>
</testsuite> <!-- com.profile.tests.ProfileTest -->
