<?xml version="1.0" encoding="UTF-8"?>
<!-- Generated by org.testng.reporters.JUnitReportReporter -->
<testsuite hostname="LTIN690699" failures="0" tests="8" name="com.profile.tests.ProfileTest" time="14.455" errors="0" timestamp="2026-03-19T10:17:28 IST" skipped="0">
  <testcase classname="com.profile.tests.ProfileTest" name="testNonNumericWebsites" time="1.378"/>
  <testcase classname="com.profile.tests.ProfileTest" name="testProfileStatus_Four" time="1.806"/>
  <testcase classname="com.profile.tests.ProfileTest" name="testZeroApps" time="1.486"/>
  <testcase classname="com.profile.tests.ProfileTest" name="testZeroWebsites" time="2.779"/>
  <testcase classname="com.profile.tests.ProfileTest" name="testProfileStatus_Four" time="2.375"/>
  <testcase classname="com.profile.tests.ProfileTest" name="testInvalidYears" time="1.317"/>
  <testcase classname="com.profile.tests.ProfileTest" name="testProfileStatus_Four" time="1.577"/>
  <testcase classname="com.profile.tests.ProfileTest" name="testProfileStatus_Four" time="1.737"/>
</testsuite> <!-- com.profile.tests.ProfileTest -->
